#-----------------------------------------------------------
# Vivado v2024.1 (64-bit)
# SW Build 5076996 on Wed May 22 18:37:14 MDT 2024
# IP Build 5075265 on Wed May 22 21:45:21 MDT 2024
# SharedData Build 5076995 on Wed May 22 18:29:18 MDT 2024
# Start of session at: Thu Jul 10 15:50:04 2025
# Process ID: 10952
# Current directory: C:/Xilinx/Vitis/aup-zu3-bsp
# Command line: vivado.exe -mode batch -source hw-8GB.tcl
# Log file: C:/Xilinx/Vitis/aup-zu3-bsp/vivado.log
# Journal file: C:/Xilinx/Vitis/aup-zu3-bsp\vivado.jou
# Running On        :Desktop-Swati
# Platform          :Windows Server 2016 or Windows 10
# Operating System  :26100
# Processor Detail  :Intel(R) Core(TM) i7-10610U CPU @ 1.80GHz
# CPU Frequency     :2304 MHz
# CPU Physical cores:4
# CPU Logical cores :8
# Host memory       :16924 MB
# Swap memory       :16924 MB
# Total Virtual     :33849 MB
# Available Virtual :17315 MB
#-----------------------------------------------------------
source hw-8GB.tcl
couldn't read file "hw-8GB.tcl": no such file or directory
INFO: [Common 17-206] Exiting Vivado at Thu Jul 10 15:50:08 2025...
