
*** Running vivado
    with args -log hw_PWM_0_0.vds -m64 -product Vivado -mode batch -messageDb vivado.pb -notrace -source hw_PWM_0_0.tcl



****** Vivado v2024.1 (64-bit)
  **** SW Build 5076996 on Wed May 22 18:37:14 MDT 2024
  **** IP Build 5075265 on Wed May 22 21:45:21 MDT 2024
  **** SharedData Build 5076995 on Wed May 22 18:29:18 MDT 2024
  **** Start of session at: Thu Jul 10 16:05:19 2025
    ** Copyright 1986-2022 Xilinx, Inc. All Rights Reserved.
    ** Copyright 2022-2024 Advanced Micro Devices, Inc. All Rights Reserved.

source hw_PWM_0_0.tcl -notrace
create_project: Time (s): cpu = 00:00:22 ; elapsed = 00:00:28 . Memory (MB): peak = 490.738 ; gain = 198.621
INFO: [IP_Flow 19-234] Refreshing IP repositories
INFO: [IP_Flow 19-1700] Loaded user IP repository 'c:/Xilinx/Vitis/aup-zu3-bsp/Src/vivado-library'.
INFO: [IP_Flow 19-2313] Loaded Vivado IP repository 'C:/Xilinx/Vivado/2024.1/data/ip'.
update_ip_catalog: Time (s): cpu = 00:00:07 ; elapsed = 00:00:12 . Memory (MB): peak = 511.586 ; gain = 20.848
INFO: [IP_Flow 19-6924] IPCACHE: Running cache check for IP inst: hw_PWM_0_0
Command: synth_design -top hw_PWM_0_0 -part xczu3eg-sfvc784-2-e -incremental_mode off -mode out_of_context
Starting synth_design
Attempting to get a license for feature 'Synthesis' and/or device 'xczu3eg'
INFO: [Common 17-349] Got license for feature 'Synthesis' and/or device 'xczu3eg'
INFO: [Device 21-403] Loading part xczu3eg-sfvc784-2-e
